2026-03-21 00:44:58,145 | INFO | ===== Aether Pipeline Started =====
2026-03-21 00:44:58,889 | INFO | Starting Feature Engineering
2026-03-21 00:44:58,891 | INFO | Running: pipelines/transformation/feature_engineering.py
2026-03-21 00:45:05,608 | INFO | Starting feature engineering...
Heat Index feature created.
Pollution Level feature created.
Feature engineering completed.
2026-03-21 00:45:05,610 | INFO | Feature Engineering Completed
2026-03-21 00:45:05,632 | INFO | Starting SQL Load
2026-03-21 00:45:05,639 | INFO | Running: pipelines/loading/load_to_sql.py
2026-03-21 00:47:28,930 | INFO | Starting SQL load pipeline...
Weather data inserted.
Pollution data inserted.
SQL loading completed.
2026-03-21 00:47:28,933 | INFO | SQL Load Completed
2026-03-21 00:47:28,954 | INFO | Starting ML Predictions
2026-03-21 00:47:28,969 | INFO | Running: ML/inference/predict_risk.py
2026-03-21 01:22:20,992 | INFO | Loading trained model...
Connecting to database...
Data loaded for prediction.
Generating predictions...
Predictions inserted into database.
2026-03-21 01:22:21,035 | INFO | Predictions Completed
2026-03-21 01:22:21,209 | INFO | ===== Pipeline Completed Successfully =====
2026-03-22 04:42:33,440 | INFO | ===== Aether Pipeline Started =====
2026-03-22 04:42:34,040 | INFO | ----- Feature Engineering Step -----
2026-03-22 04:42:34,041 | INFO | Running: pipelines/transformation/feature_engineering.py
2026-03-22 04:42:35,776 | INFO | Starting feature engineering (historical mode)...
  Loading historical staging files...
  Weather rows before merge:    9406
  Pollution rows before merge:  1294
  Merged rows (date overlap):   1154

  Features created:
    heat_index, pollution_level, respiratory_stress, uv_risk, health_category

  Health category distribution:
health_category
Mask Recommended Day         1127
Moderate Risk Day              14
High Respiratory Risk Day      11
Safe Air Day                    2

  Final rows:    1154
  Final columns: ['date', 'temperature', 'humidity', 'wind', 'pressure', 'cloud_cover', 'sunshine_duration', 'pm25', 'pm10', 'aqi', 'european_aqi', 'ozone', 'nitrogen_dioxide', 'sulphur_dioxide', 'dust', 'uv_index', 'heat_index', 'pollution_level', 'respiratory_stress', 'uv_risk', 'health_category']
  Saved to:      d:\Aether\Aether_V0\data\processed\environmental_features.csv

Feature engineering completed.
2026-03-22 04:42:35,776 | INFO | Completed: pipelines/transformation/feature_engineering.py (took 1.73s)
2026-03-22 04:42:35,786 | INFO | ----- SQL Load Step -----
2026-03-22 04:42:35,786 | INFO | Running: pipelines/loading/load_to_sql.py
2026-03-22 04:42:49,724 | INFO | Starting SQL load pipeline...
  Rows to load: 1154
Inserting into WeatherMetrics...
  WeatherMetrics: 1154 rows inserted.
Inserting into PollutionMetrics...
  PollutionMetrics: 1154 rows inserted.
Inserting into EnvironmentalFeatures...
  EnvironmentalFeatures: 1154 rows inserted.
Populating DimDate...
  DimDate: 0 dates inserted.

SQL loading completed.
2026-03-22 04:42:49,724 | INFO | Completed: pipelines/loading/load_to_sql.py (took 13.94s)
2026-03-22 04:42:49,731 | INFO | ----- ML Prediction Step -----
2026-03-22 04:42:49,732 | INFO | Running: ML/inference/predict_risk.py
2026-03-22 04:43:00,352 | INFO | Loading trained model...
Connecting to database...
  Rows needing prediction: 0
  No new rows to predict. All dates already have predictions.
2026-03-22 04:43:00,352 | WARNING | d:\Aether\Aether_V0\ML/inference/predict_risk.py:54: UserWarning: pandas only supports SQLAlchemy connectable (engine/connection) or database string URI or sqlite3 DBAPI2 connection. Other DBAPI2 objects are not tested. Please consider using SQLAlchemy.
  df = pd.read_sql(query, conn)
2026-03-22 04:43:00,352 | INFO | Completed: ML/inference/predict_risk.py (took 10.62s)
2026-03-22 04:43:00,356 | INFO | ===== Aether Pipeline Started — 2026-03-22 04:43:00 =====
2026-03-22 04:53:20,619 | INFO | ===== Aether Pipeline Started — 2026-03-22 04:53:20 =====
2026-03-22 04:53:22,118 | INFO | ----- Fetch Weather API -----
2026-03-22 04:53:22,119 | INFO | Running: pipelines/ingestion/fetch_weather_api.py
2026-03-22 04:53:24,183 | WARNING | INFO:WeatherFetcher:Fetching weather data for Cairo...
d:\Aether\Aether_V0\pipelines/ingestion/fetch_weather_api.py:36: DeprecationWarning: datetime.datetime.utcnow() is deprecated and scheduled for removal in a future version. Use timezone-aware objects to represent datetimes in UTC: datetime.datetime.now(datetime.UTC).
  "fetched_at":  datetime.utcnow().isoformat(),
d:\Aether\Aether_V0\pipelines/ingestion/fetch_weather_api.py:38: DeprecationWarning: datetime.datetime.utcnow() is deprecated and scheduled for removal in a future version. Use timezone-aware objects to represent datetimes in UTC: datetime.datetime.now(datetime.UTC).
  "date":        datetime.utcnow().strftime("%Y-%m-%d"),
d:\Aether\Aether_V0\pipelines/ingestion/fetch_weather_api.py:49: DeprecationWarning: datetime.datetime.utcnow() is deprecated and scheduled for removal in a future version. Use timezone-aware objects to represent datetimes in UTC: datetime.datetime.now(datetime.UTC).
  filename = f"weather_api_{datetime.utcnow().strftime('%Y%m%d')}.json"
INFO:WeatherFetcher:Weather data saved to weather_api_20260322.json
INFO:WeatherFetcher:  Temperature: 11.42°C
INFO:WeatherFetcher:  Humidity:    71%
INFO:WeatherFetcher:  Wind:        2.06 m/s
2026-03-22 04:53:24,183 | INFO | Completed: pipelines/ingestion/fetch_weather_api.py (took 2.06s)
2026-03-22 04:53:24,206 | INFO | ----- Fetch Pollution API -----
2026-03-22 04:53:24,209 | INFO | Running: pipelines/ingestion/fetch_pollution_api.py
2026-03-22 04:53:26,905 | WARNING | INFO:PollutionFetcher:Fetching pollution data for Cairo...
d:\Aether\Aether_V0\pipelines/ingestion/fetch_pollution_api.py:36: DeprecationWarning: datetime.datetime.utcnow() is deprecated and scheduled for removal in a future version. Use timezone-aware objects to represent datetimes in UTC: datetime.datetime.now(datetime.UTC).
  "fetched_at": datetime.utcnow().isoformat(),
d:\Aether\Aether_V0\pipelines/ingestion/fetch_pollution_api.py:37: DeprecationWarning: datetime.datetime.utcnow() is deprecated and scheduled for removal in a future version. Use timezone-aware objects to represent datetimes in UTC: datetime.datetime.now(datetime.UTC).
  "date":       datetime.utcnow().strftime("%Y-%m-%d"),
d:\Aether\Aether_V0\pipelines/ingestion/fetch_pollution_api.py:51: DeprecationWarning: datetime.datetime.utcnow() is deprecated and scheduled for removal in a future version. Use timezone-aware objects to represent datetimes in UTC: datetime.datetime.now(datetime.UTC).
  filename = f"pollution_api_{datetime.utcnow().strftime('%Y%m%d')}.json"
INFO:PollutionFetcher:Pollution data saved to pollution_api_20260322.json
INFO:PollutionFetcher:  AQI:  57
INFO:PollutionFetcher:  PM2.5: 57
INFO:PollutionFetcher:  PM10:  None
2026-03-22 04:53:26,906 | INFO | Completed: pipelines/ingestion/fetch_pollution_api.py (took 2.69s)
2026-03-22 04:53:26,931 | INFO | ----- Feature Engineering -----
2026-03-22 04:53:26,931 | INFO | Running: pipelines/transformation/feature_engineering.py
2026-03-22 04:53:29,103 | INFO | Starting feature engineering (historical mode)...
  Loading historical staging files...
  Weather rows before merge:    9406
  Pollution rows before merge:  1294
  Merged rows (date overlap):   1154

  Features created:
    heat_index, pollution_level, respiratory_stress, uv_risk, health_category

  Health category distribution:
health_category
Mask Recommended Day         1127
Moderate Risk Day              14
High Respiratory Risk Day      11
Safe Air Day                    2

  Final rows:    1154
  Final columns: ['date', 'temperature', 'humidity', 'wind', 'pressure', 'cloud_cover', 'sunshine_duration', 'pm25', 'pm10', 'aqi', 'european_aqi', 'ozone', 'nitrogen_dioxide', 'sulphur_dioxide', 'dust', 'uv_index', 'heat_index', 'pollution_level', 'respiratory_stress', 'uv_risk', 'health_category']
  Saved to:      d:\Aether\Aether_V0\data\processed\environmental_features.csv

Feature engineering completed.
2026-03-22 04:53:29,103 | INFO | Completed: pipelines/transformation/feature_engineering.py (took 2.17s)
2026-03-22 04:53:29,114 | INFO | ----- SSIS Load -----
2026-03-22 04:53:29,115 | INFO | Running SSIS: LoadEnvironmentalFeatures.dtsx
2026-03-22 04:53:29,504 | INFO | Microsoft (R) SQL Server Execute Package Utility
Version 16.0.1000.6 for 64-bit
Copyright (C) 2022 Microsoft. All rights reserved.

Started:  4:53:29 AM
Error: 2026-03-22 04:53:29.46
   Code: 0xC0011007
   Source: {A9FFEDC7-E489-4268-8CF5-328A2E3CB910} 
   Description: Unable to load the package as XML because of package does not have a valid XML format. A specific XML parser error will be posted.
End Error
Error: 2026-03-22 04:53:29.46
   Code: 0xC0011002
   Source: {A9FFEDC7-E489-4268-8CF5-328A2E3CB910} 
   Description: Failed to open package file "d:\Aether\Aether_V0\ssis\LoadEnvironmentalFeatures.dtsx" due to error 0x800C0006 "The system cannot locate the object specified.".  This occurs when loading a package and the file cannot be opened or loaded correctly into the XML document. This can be the result of specifying an incorrect file name when calling LoadPackage or the specified XML file has an incorrect format.
End Error
Could not load package "d:\Aether\Aether_V0\ssis\LoadEnvironmentalFeatures.dtsx" because of error 0xC0011002.
Description: Failed to open package file "d:\Aether\Aether_V0\ssis\LoadEnvironmentalFeatures.dtsx" due to error 0x800C0006 "The system cannot locate the object specified.".  This occurs when loading a package and the file cannot be opened or loaded correctly into the XML document. This can be the result of specifying an incorrect file name when calling LoadPackage or the specified XML file has an incorrect format.
Source: {A9FFEDC7-E489-4268-8CF5-328A2E3CB910}
Started:  4:53:29 AM
Finished: 4:53:29 AM
Elapsed:  0.125 seconds
2026-03-22 04:53:29,505 | ERROR | SSIS failed (took 0.39s)
2026-03-22 04:53:39,517 | INFO | ----- SSIS Load -----
2026-03-22 04:53:39,517 | INFO | Running SSIS: LoadEnvironmentalFeatures.dtsx
2026-03-22 04:53:39,703 | INFO | Microsoft (R) SQL Server Execute Package Utility
Version 16.0.1000.6 for 64-bit
Copyright (C) 2022 Microsoft. All rights reserved.

Started:  4:53:39 AM
Error: 2026-03-22 04:53:39.68
   Code: 0xC0011007
   Source: {ADE1447F-AA5A-486E-BFD7-9A78ED16B8B6} 
   Description: Unable to load the package as XML because of package does not have a valid XML format. A specific XML parser error will be posted.
End Error
Error: 2026-03-22 04:53:39.68
   Code: 0xC0011002
   Source: {ADE1447F-AA5A-486E-BFD7-9A78ED16B8B6} 
   Description: Failed to open package file "d:\Aether\Aether_V0\ssis\LoadEnvironmentalFeatures.dtsx" due to error 0x800C0006 "The system cannot locate the object specified.".  This occurs when loading a package and the file cannot be opened or loaded correctly into the XML document. This can be the result of specifying an incorrect file name when calling LoadPackage or the specified XML file has an incorrect format.
End Error
Could not load package "d:\Aether\Aether_V0\ssis\LoadEnvironmentalFeatures.dtsx" because of error 0xC0011002.
Description: Failed to open package file "d:\Aether\Aether_V0\ssis\LoadEnvironmentalFeatures.dtsx" due to error 0x800C0006 "The system cannot locate the object specified.".  This occurs when loading a package and the file cannot be opened or loaded correctly into the XML document. This can be the result of specifying an incorrect file name when calling LoadPackage or the specified XML file has an incorrect format.
Source: {ADE1447F-AA5A-486E-BFD7-9A78ED16B8B6}
Started:  4:53:39 AM
Finished: 4:53:39 AM
Elapsed:  0.031 seconds
2026-03-22 04:53:39,703 | ERROR | SSIS failed (took 0.19s)
2026-03-22 04:53:49,725 | INFO | ----- SSIS Load -----
2026-03-22 04:53:49,727 | INFO | Running SSIS: LoadEnvironmentalFeatures.dtsx
2026-03-22 04:53:49,952 | INFO | Microsoft (R) SQL Server Execute Package Utility
Version 16.0.1000.6 for 64-bit
Copyright (C) 2022 Microsoft. All rights reserved.

Started:  4:53:49 AM
Error: 2026-03-22 04:53:49.93
   Code: 0xC0011007
   Source: {D0CCDE8D-7C1A-4C3C-8A95-FBF05C1C6154} 
   Description: Unable to load the package as XML because of package does not have a valid XML format. A specific XML parser error will be posted.
End Error
Error: 2026-03-22 04:53:49.93
   Code: 0xC0011002
   Source: {D0CCDE8D-7C1A-4C3C-8A95-FBF05C1C6154} 
   Description: Failed to open package file "d:\Aether\Aether_V0\ssis\LoadEnvironmentalFeatures.dtsx" due to error 0x800C0006 "The system cannot locate the object specified.".  This occurs when loading a package and the file cannot be opened or loaded correctly into the XML document. This can be the result of specifying an incorrect file name when calling LoadPackage or the specified XML file has an incorrect format.
End Error
Could not load package "d:\Aether\Aether_V0\ssis\LoadEnvironmentalFeatures.dtsx" because of error 0xC0011002.
Description: Failed to open package file "d:\Aether\Aether_V0\ssis\LoadEnvironmentalFeatures.dtsx" due to error 0x800C0006 "The system cannot locate the object specified.".  This occurs when loading a package and the file cannot be opened or loaded correctly into the XML document. This can be the result of specifying an incorrect file name when calling LoadPackage or the specified XML file has an incorrect format.
Source: {D0CCDE8D-7C1A-4C3C-8A95-FBF05C1C6154}
Started:  4:53:49 AM
Finished: 4:53:49 AM
Elapsed:  0.047 seconds
2026-03-22 04:53:49,952 | ERROR | SSIS failed (took 0.22s)
2026-03-22 04:53:50,001 | ERROR | ===== Pipeline Failed: SSIS package failed: d:\Aether\Aether_V0\ssis\LoadEnvironmentalFeatures.dtsx =====
2026-03-22 04:55:32,547 | INFO | ===== Aether Pipeline Started — 2026-03-22 04:55:32 =====
2026-03-22 04:55:32,996 | INFO | ----- Fetch Weather API -----
2026-03-22 04:55:32,996 | INFO | Running: pipelines/ingestion/fetch_weather_api.py
2026-03-22 04:55:34,427 | WARNING | INFO:WeatherFetcher:Fetching weather data for Cairo...
d:\Aether\Aether_V0\pipelines/ingestion/fetch_weather_api.py:36: DeprecationWarning: datetime.datetime.utcnow() is deprecated and scheduled for removal in a future version. Use timezone-aware objects to represent datetimes in UTC: datetime.datetime.now(datetime.UTC).
  "fetched_at":  datetime.utcnow().isoformat(),
d:\Aether\Aether_V0\pipelines/ingestion/fetch_weather_api.py:38: DeprecationWarning: datetime.datetime.utcnow() is deprecated and scheduled for removal in a future version. Use timezone-aware objects to represent datetimes in UTC: datetime.datetime.now(datetime.UTC).
  "date":        datetime.utcnow().strftime("%Y-%m-%d"),
d:\Aether\Aether_V0\pipelines/ingestion/fetch_weather_api.py:49: DeprecationWarning: datetime.datetime.utcnow() is deprecated and scheduled for removal in a future version. Use timezone-aware objects to represent datetimes in UTC: datetime.datetime.now(datetime.UTC).
  filename = f"weather_api_{datetime.utcnow().strftime('%Y%m%d')}.json"
INFO:WeatherFetcher:Weather data saved to weather_api_20260322.json
INFO:WeatherFetcher:  Temperature: 11.42°C
INFO:WeatherFetcher:  Humidity:    71%
INFO:WeatherFetcher:  Wind:        2.06 m/s
2026-03-22 04:55:34,427 | INFO | Completed: pipelines/ingestion/fetch_weather_api.py (took 1.43s)
2026-03-22 04:55:34,451 | INFO | ----- Fetch Pollution API -----
2026-03-22 04:55:34,452 | INFO | Running: pipelines/ingestion/fetch_pollution_api.py
2026-03-22 04:55:37,140 | WARNING | INFO:PollutionFetcher:Fetching pollution data for Cairo...
d:\Aether\Aether_V0\pipelines/ingestion/fetch_pollution_api.py:36: DeprecationWarning: datetime.datetime.utcnow() is deprecated and scheduled for removal in a future version. Use timezone-aware objects to represent datetimes in UTC: datetime.datetime.now(datetime.UTC).
  "fetched_at": datetime.utcnow().isoformat(),
d:\Aether\Aether_V0\pipelines/ingestion/fetch_pollution_api.py:37: DeprecationWarning: datetime.datetime.utcnow() is deprecated and scheduled for removal in a future version. Use timezone-aware objects to represent datetimes in UTC: datetime.datetime.now(datetime.UTC).
  "date":       datetime.utcnow().strftime("%Y-%m-%d"),
d:\Aether\Aether_V0\pipelines/ingestion/fetch_pollution_api.py:51: DeprecationWarning: datetime.datetime.utcnow() is deprecated and scheduled for removal in a future version. Use timezone-aware objects to represent datetimes in UTC: datetime.datetime.now(datetime.UTC).
  filename = f"pollution_api_{datetime.utcnow().strftime('%Y%m%d')}.json"
INFO:PollutionFetcher:Pollution data saved to pollution_api_20260322.json
INFO:PollutionFetcher:  AQI:  57
INFO:PollutionFetcher:  PM2.5: 57
INFO:PollutionFetcher:  PM10:  None
2026-03-22 04:55:37,140 | INFO | Completed: pipelines/ingestion/fetch_pollution_api.py (took 2.69s)
2026-03-22 04:55:37,158 | INFO | ----- Feature Engineering -----
2026-03-22 04:55:37,159 | INFO | Running: pipelines/transformation/feature_engineering.py
2026-03-22 04:55:38,472 | INFO | Starting feature engineering (historical mode)...
  Loading historical staging files...
  Weather rows before merge:    9406
  Pollution rows before merge:  1294
  Merged rows (date overlap):   1154

  Features created:
    heat_index, pollution_level, respiratory_stress, uv_risk, health_category

  Health category distribution:
health_category
Mask Recommended Day         1127
Moderate Risk Day              14
High Respiratory Risk Day      11
Safe Air Day                    2

  Final rows:    1154
  Final columns: ['date', 'temperature', 'humidity', 'wind', 'pressure', 'cloud_cover', 'sunshine_duration', 'pm25', 'pm10', 'aqi', 'european_aqi', 'ozone', 'nitrogen_dioxide', 'sulphur_dioxide', 'dust', 'uv_index', 'heat_index', 'pollution_level', 'respiratory_stress', 'uv_risk', 'health_category']
  Saved to:      d:\Aether\Aether_V0\data\processed\environmental_features.csv

Feature engineering completed.
2026-03-22 04:55:38,472 | INFO | Completed: pipelines/transformation/feature_engineering.py (took 1.31s)
2026-03-22 04:55:38,481 | INFO | ----- SSIS Load -----
2026-03-22 04:55:38,482 | INFO | Running SSIS: LoadEnvironmentalFeatures.dtsx
2026-03-22 04:55:38,853 | INFO | Microsoft (R) SQL Server Execute Package Utility
Version 16.0.1000.6 for 64-bit
Copyright (C) 2022 Microsoft. All rights reserved.

Started:  4:55:38 AM
Error: 2026-03-22 04:55:38.74
   Code: 0xC0011007
   Source: {E5D26D77-C005-40ED-8FA4-05AF89221A1A} 
   Description: Unable to load the package as XML because of package does not have a valid XML format. A specific XML parser error will be posted.
End Error
Error: 2026-03-22 04:55:38.74
   Code: 0xC0011002
   Source: {E5D26D77-C005-40ED-8FA4-05AF89221A1A} 
   Description: Failed to open package file "d:\Aether\Aether_V0\ssis\LoadEnvironmentalFeatures.dtsx" due to error 0x800C0006 "The system cannot locate the object specified.".  This occurs when loading a package and the file cannot be opened or loaded correctly into the XML document. This can be the result of specifying an incorrect file name when calling LoadPackage or the specified XML file has an incorrect format.
End Error
Could not load package "d:\Aether\Aether_V0\ssis\LoadEnvironmentalFeatures.dtsx" because of error 0xC0011002.
Description: Failed to open package file "d:\Aether\Aether_V0\ssis\LoadEnvironmentalFeatures.dtsx" due to error 0x800C0006 "The system cannot locate the object specified.".  This occurs when loading a package and the file cannot be opened or loaded correctly into the XML document. This can be the result of specifying an incorrect file name when calling LoadPackage or the specified XML file has an incorrect format.
Source: {E5D26D77-C005-40ED-8FA4-05AF89221A1A}
Started:  4:55:38 AM
Finished: 4:55:38 AM
Elapsed:  0.047 seconds
2026-03-22 04:55:38,853 | ERROR | SSIS failed (took 0.37s)
2026-03-22 04:55:48,859 | INFO | ----- SSIS Load -----
2026-03-22 04:55:48,859 | INFO | Running SSIS: LoadEnvironmentalFeatures.dtsx
2026-03-22 04:55:49,056 | INFO | Microsoft (R) SQL Server Execute Package Utility
Version 16.0.1000.6 for 64-bit
Copyright (C) 2022 Microsoft. All rights reserved.

Started:  4:55:48 AM
Error: 2026-03-22 04:55:49.04
   Code: 0xC0011007
   Source: {9E583843-DC4C-4827-B4C8-FB9B24E8AAF3} 
   Description: Unable to load the package as XML because of package does not have a valid XML format. A specific XML parser error will be posted.
End Error
Error: 2026-03-22 04:55:49.04
   Code: 0xC0011002
   Source: {9E583843-DC4C-4827-B4C8-FB9B24E8AAF3} 
   Description: Failed to open package file "d:\Aether\Aether_V0\ssis\LoadEnvironmentalFeatures.dtsx" due to error 0x800C0006 "The system cannot locate the object specified.".  This occurs when loading a package and the file cannot be opened or loaded correctly into the XML document. This can be the result of specifying an incorrect file name when calling LoadPackage or the specified XML file has an incorrect format.
End Error
Could not load package "d:\Aether\Aether_V0\ssis\LoadEnvironmentalFeatures.dtsx" because of error 0xC0011002.
Description: Failed to open package file "d:\Aether\Aether_V0\ssis\LoadEnvironmentalFeatures.dtsx" due to error 0x800C0006 "The system cannot locate the object specified.".  This occurs when loading a package and the file cannot be opened or loaded correctly into the XML document. This can be the result of specifying an incorrect file name when calling LoadPackage or the specified XML file has an incorrect format.
Source: {9E583843-DC4C-4827-B4C8-FB9B24E8AAF3}
Started:  4:55:48 AM
Finished: 4:55:49 AM
Elapsed:  0.063 seconds
2026-03-22 04:55:49,057 | ERROR | SSIS failed (took 0.2s)
2026-03-22 04:55:59,066 | INFO | ----- SSIS Load -----
2026-03-22 04:55:59,067 | INFO | Running SSIS: LoadEnvironmentalFeatures.dtsx
2026-03-22 04:55:59,326 | INFO | Microsoft (R) SQL Server Execute Package Utility
Version 16.0.1000.6 for 64-bit
Copyright (C) 2022 Microsoft. All rights reserved.

Started:  4:55:59 AM
Error: 2026-03-22 04:55:59.29
   Code: 0xC0011007
   Source: {A5C1CECA-B491-4C49-A2F2-C3F3B74E40E4} 
   Description: Unable to load the package as XML because of package does not have a valid XML format. A specific XML parser error will be posted.
End Error
Error: 2026-03-22 04:55:59.29
   Code: 0xC0011002
   Source: {A5C1CECA-B491-4C49-A2F2-C3F3B74E40E4} 
   Description: Failed to open package file "d:\Aether\Aether_V0\ssis\LoadEnvironmentalFeatures.dtsx" due to error 0x800C0006 "The system cannot locate the object specified.".  This occurs when loading a package and the file cannot be opened or loaded correctly into the XML document. This can be the result of specifying an incorrect file name when calling LoadPackage or the specified XML file has an incorrect format.
End Error
Could not load package "d:\Aether\Aether_V0\ssis\LoadEnvironmentalFeatures.dtsx" because of error 0xC0011002.
Description: Failed to open package file "d:\Aether\Aether_V0\ssis\LoadEnvironmentalFeatures.dtsx" due to error 0x800C0006 "The system cannot locate the object specified.".  This occurs when loading a package and the file cannot be opened or loaded correctly into the XML document. This can be the result of specifying an incorrect file name when calling LoadPackage or the specified XML file has an incorrect format.
Source: {A5C1CECA-B491-4C49-A2F2-C3F3B74E40E4}
Started:  4:55:59 AM
Finished: 4:55:59 AM
Elapsed:  0.078 seconds
2026-03-22 04:55:59,326 | ERROR | SSIS failed (took 0.26s)
2026-03-22 04:55:59,368 | ERROR | ===== Pipeline Failed: SSIS package failed: d:\Aether\Aether_V0\ssis\LoadEnvironmentalFeatures.dtsx =====
2026-03-22 05:10:25,730 | INFO | ===== Aether Pipeline Started — 2026-03-22 05:10:25 =====
2026-03-22 05:10:26,289 | INFO | ----- Fetch Weather API -----
2026-03-22 05:10:26,289 | INFO | Running: pipelines/ingestion/fetch_weather_api.py
2026-03-22 05:10:28,188 | WARNING | INFO:WeatherFetcher:Fetching weather data for Cairo...
d:\Aether\Aether_V0\pipelines/ingestion/fetch_weather_api.py:36: DeprecationWarning: datetime.datetime.utcnow() is deprecated and scheduled for removal in a future version. Use timezone-aware objects to represent datetimes in UTC: datetime.datetime.now(datetime.UTC).
  "fetched_at":  datetime.utcnow().isoformat(),
d:\Aether\Aether_V0\pipelines/ingestion/fetch_weather_api.py:38: DeprecationWarning: datetime.datetime.utcnow() is deprecated and scheduled for removal in a future version. Use timezone-aware objects to represent datetimes in UTC: datetime.datetime.now(datetime.UTC).
  "date":        datetime.utcnow().strftime("%Y-%m-%d"),
d:\Aether\Aether_V0\pipelines/ingestion/fetch_weather_api.py:49: DeprecationWarning: datetime.datetime.utcnow() is deprecated and scheduled for removal in a future version. Use timezone-aware objects to represent datetimes in UTC: datetime.datetime.now(datetime.UTC).
  filename = f"weather_api_{datetime.utcnow().strftime('%Y%m%d')}.json"
INFO:WeatherFetcher:Weather data saved to weather_api_20260322.json
INFO:WeatherFetcher:  Temperature: 12.42°C
INFO:WeatherFetcher:  Humidity:    71%
INFO:WeatherFetcher:  Wind:        2.06 m/s
2026-03-22 05:10:28,189 | INFO | Completed: pipelines/ingestion/fetch_weather_api.py (took 1.9s)
2026-03-22 05:10:28,196 | INFO | ----- Fetch Pollution API -----
2026-03-22 05:10:28,197 | INFO | Running: pipelines/ingestion/fetch_pollution_api.py
2026-03-22 05:10:30,727 | WARNING | INFO:PollutionFetcher:Fetching pollution data for Cairo...
d:\Aether\Aether_V0\pipelines/ingestion/fetch_pollution_api.py:36: DeprecationWarning: datetime.datetime.utcnow() is deprecated and scheduled for removal in a future version. Use timezone-aware objects to represent datetimes in UTC: datetime.datetime.now(datetime.UTC).
  "fetched_at": datetime.utcnow().isoformat(),
d:\Aether\Aether_V0\pipelines/ingestion/fetch_pollution_api.py:37: DeprecationWarning: datetime.datetime.utcnow() is deprecated and scheduled for removal in a future version. Use timezone-aware objects to represent datetimes in UTC: datetime.datetime.now(datetime.UTC).
  "date":       datetime.utcnow().strftime("%Y-%m-%d"),
d:\Aether\Aether_V0\pipelines/ingestion/fetch_pollution_api.py:51: DeprecationWarning: datetime.datetime.utcnow() is deprecated and scheduled for removal in a future version. Use timezone-aware objects to represent datetimes in UTC: datetime.datetime.now(datetime.UTC).
  filename = f"pollution_api_{datetime.utcnow().strftime('%Y%m%d')}.json"
INFO:PollutionFetcher:Pollution data saved to pollution_api_20260322.json
INFO:PollutionFetcher:  AQI:  57
INFO:PollutionFetcher:  PM2.5: 57
INFO:PollutionFetcher:  PM10:  None
2026-03-22 05:10:30,727 | INFO | Completed: pipelines/ingestion/fetch_pollution_api.py (took 2.53s)
2026-03-22 05:10:30,736 | INFO | ----- Feature Engineering -----
2026-03-22 05:10:30,736 | INFO | Running: pipelines/transformation/feature_engineering.py
2026-03-22 05:10:32,595 | INFO | Starting feature engineering (historical mode)...
  Loading historical staging files...
  Weather rows before merge:    9406
  Pollution rows before merge:  1294
  Merged rows (date overlap):   1154

  Features created:
    heat_index, pollution_level, respiratory_stress, uv_risk, health_category

  Health category distribution:
health_category
Mask Recommended Day         1127
Moderate Risk Day              14
High Respiratory Risk Day      11
Safe Air Day                    2

  Final rows:    1154
  Final columns: ['date', 'temperature', 'humidity', 'wind', 'pressure', 'cloud_cover', 'sunshine_duration', 'pm25', 'pm10', 'aqi', 'european_aqi', 'ozone', 'nitrogen_dioxide', 'sulphur_dioxide', 'dust', 'uv_index', 'heat_index', 'pollution_level', 'respiratory_stress', 'uv_risk', 'health_category']
  Saved to:      d:\Aether\Aether_V0\data\processed\environmental_features.csv

Feature engineering completed.
2026-03-22 05:10:32,595 | INFO | Completed: pipelines/transformation/feature_engineering.py (took 1.86s)
2026-03-22 05:10:32,604 | INFO | ----- SSIS Load -----
2026-03-22 05:10:32,604 | INFO | Running SSIS: LoadEnvironmentalFeatures.dtsx
2026-03-22 05:10:34,829 | INFO | Microsoft (R) SQL Server Execute Package Utility
Version 16.0.1000.6 for 64-bit
Copyright (C) 2022 Microsoft. All rights reserved.

Started:  5:10:32 AM
Progress: 2026-03-22 05:10:33.64
   Source: Data Flow Task 
   Validating: 0% complete
End Progress
Progress: 2026-03-22 05:10:33.64
   Source: Data Flow Task 
   Validating: 33% complete
End Progress
Progress: 2026-03-22 05:10:33.65
   Source: Data Flow Task 
   Validating: 66% complete
End Progress
Warning: 2026-03-22 05:10:33.90
   Code: 0x800470C8
   Source: Data Flow Task OLE DB Destination [185]
   Description: The external columns for OLE DB Destination are out of synchronization with the data source columns. The external column "health_category" needs to be updated.
End Warning
Progress: 2026-03-22 05:10:34.02
   Source: Data Flow Task 
   Validating: 100% complete
End Progress
Progress: 2026-03-22 05:10:34.48
   Source: Execute SQL Task 
   Executing query "Truncate Table Environmentalfeatures".: 100% complete
End Progress
Progress: 2026-03-22 05:10:34.48
   Source: Data Flow Task 
   Validating: 0% complete
End Progress
Progress: 2026-03-22 05:10:34.48
   Source: Data Flow Task 
   Validating: 33% complete
End Progress
Progress: 2026-03-22 05:10:34.48
   Source: Data Flow Task 
   Validating: 66% complete
End Progress
Warning: 2026-03-22 05:10:34.51
   Code: 0x800470C8
   Source: Data Flow Task OLE DB Destination [185]
   Description: The external columns for OLE DB Destination are out of synchronization with the data source columns. The external column "health_category" needs to be updated.
End Warning
Progress: 2026-03-22 05:10:34.52
   Source: Data Flow Task 
   Validating: 100% complete
End Progress
Warning: 2026-03-22 05:10:34.53
   Code: 0x80049304
   Source: Data Flow Task SSIS.Pipeline
   Description: Warning: Could not open global shared memory to communicate with performance DLL; data flow performance counters are not available.  To resolve, run this package as an administrator, or on the system's console.
End Warning
Progress: 2026-03-22 05:10:34.56
   Source: Data Flow Task 
   Prepare for Execute: 0% complete
End Progress
Progress: 2026-03-22 05:10:34.56
   Source: Data Flow Task 
   Prepare for Execute: 33% complete
End Progress
Progress: 2026-03-22 05:10:34.56
   Source: Data Flow Task 
   Prepare for Execute: 66% complete
End Progress
Progress: 2026-03-22 05:10:34.56
   Source: Data Flow Task 
   Prepare for Execute: 100% complete
End Progress
Progress: 2026-03-22 05:10:34.58
   Source: Data Flow Task 
   Pre-Execute: 0% complete
End Progress
Progress: 2026-03-22 05:10:34.58
   Source: Data Flow Task 
   Pre-Execute: 33% complete
End Progress
Progress: 2026-03-22 05:10:34.59
   Source: Data Flow Task 
   Pre-Execute: 66% complete
End Progress
Progress: 2026-03-22 05:10:34.62
   Source: Data Flow Task 
   Pre-Execute: 100% complete
End Progress
Progress: 2026-03-22 05:10:34.73
   Source: Data Flow Task 
   Post Execute: 0% complete
End Progress
Progress: 2026-03-22 05:10:34.73
   Source: Data Flow Task 
   Post Execute: 33% complete
End Progress
Progress: 2026-03-22 05:10:34.73
   Source: Data Flow Task 
   Post Execute: 66% complete
End Progress
Progress: 2026-03-22 05:10:34.73
   Source: Data Flow Task 
   Post Execute: 100% complete
End Progress
Progress: 2026-03-22 05:10:34.73
   Source: Data Flow Task 
   Cleanup: 0% complete
End Progress
Progress: 2026-03-22 05:10:34.73
   Source: Data Flow Task 
   Cleanup: 33% complete
End Progress
Progress: 2026-03-22 05:10:34.73
   Source: Data Flow Task 
   Cleanup: 66% complete
End Progress
Progress: 2026-03-22 05:10:34.73
   Source: Data Flow Task 
   Cleanup: 100% complete
End Progress
DTExec: The package execution returned DTSER_SUCCESS (0).
Started:  5:10:32 AM
Finished: 5:10:34 AM
Elapsed:  2.047 seconds
2026-03-22 05:10:34,829 | INFO | SSIS completed (took 2.22s)
2026-03-22 05:10:34,837 | INFO | ----- ML Predictions -----
2026-03-22 05:10:34,837 | INFO | Running: ML/inference/predict_risk.py
2026-03-22 05:10:46,125 | INFO | Loading trained model...
Connecting to database...
  Rows needing prediction: 0
  No new rows to predict. All dates already have predictions.
2026-03-22 05:10:46,125 | WARNING | d:\Aether\Aether_V0\ML/inference/predict_risk.py:54: UserWarning: pandas only supports SQLAlchemy connectable (engine/connection) or database string URI or sqlite3 DBAPI2 connection. Other DBAPI2 objects are not tested. Please consider using SQLAlchemy.
  df = pd.read_sql(query, conn)
2026-03-22 05:10:46,125 | INFO | Completed: ML/inference/predict_risk.py (took 11.29s)
2026-03-22 05:10:46,130 | INFO | ===== Pipeline Completed Successfully =====
